# JRE version: OpenJDK Runtime Environment Temurin-17.0.9+9 (17.0.9+9) (build 17.0.9+9)
# Java VM: OpenJDK 64-Bit Server VM Temurin-17.0.9+9 (17.0.9+9, mixed mode, tiered, compressed oops, compressed class ptrs, parallel gc, windows-amd64)
GC Precious Log:
 CPUs: 4 total, 4 available
 Memory: 8090M
 Large Page Support: Disabled
 NUMA Support: Disabled
 Compressed Oops: Enabled (32-bit)
 Alignments: Space 512K, Generation 512K, Heap 2M
 Heap Min Capacity: 100M
 Heap Initial Capacity: 100M
 Heap Max Capacity: 1G
 Pre-touch: Disabled
 Parallel Workers: 4
Heap:
 PSYoungGen      total 22016K, used 3049K [0x00000000eab00000, 0x00000000ec300000, 0x0000000100000000)
  eden space 20480K, 14% used [0x00000000eab00000,0x00000000eadfa6e8,0x00000000ebf00000)
  from space 1536K, 0% used [0x00000000ec080000,0x00000000ec080000,0x00000000ec200000)
  to   space 1024K, 0% used [0x00000000ec200000,0x00000000ec200000,0x00000000ec300000)
 ParOldGen       total 68608K, used 24825K [0x00000000c0000000, 0x00000000c4300000, 0x00000000eab00000)
  object space 68608K, 36% used [0x00000000c0000000,0x00000000c183e558,0x00000000c4300000)
 Metaspace       used 59264K, committed 60288K, reserved 1114112K
  class space    used 6336K, committed 6784K, reserved 1048576K
GC Heap History (20 events):
Event: 10.943 GC heap before
{Heap before GC invocations=17 (full 2):
 PSYoungGen      total 23040K, used 23040K [0x00000000eab00000, 0x00000000ec680000, 0x0000000100000000)
  eden space 22016K, 100% used [0x00000000eab00000,0x00000000ec080000,0x00000000ec080000)
  from space 1024K, 100% used [0x00000000ec580000,0x00000000ec680000,0x00000000ec680000)
  to   space 1536K, 0% used [0x00000000ec380000,0x00000000ec380000,0x00000000ec500000)
 ParOldGen       total 68608K, used 15866K [0x00000000c0000000, 0x00000000c4300000, 0x00000000eab00000)
  object space 68608K, 23% used [0x00000000c0000000,0x00000000c0f7ebc8,0x00000000c4300000)
 Metaspace       used 48603K, committed 49472K, reserved 1114112K
  class space    used 5204K, committed 5632K, reserved 1048576K
}
Event: 10.948 GC heap after
{Heap after GC invocations=17 (full 2):
 PSYoungGen      total 23552K, used 1285K [0x00000000eab00000, 0x00000000ec600000, 0x0000000100000000)
  eden space 22016K, 0% used [0x00000000eab00000,0x00000000eab00000,0x00000000ec080000)
  from space 1536K, 83% used [0x00000000ec380000,0x00000000ec4c15a0,0x00000000ec500000)
  to   space 1024K, 0% used [0x00000000ec500000,0x00000000ec500000,0x00000000ec600000)
 ParOldGen       total 68608K, used 16846K [0x00000000c0000000, 0x00000000c4300000, 0x00000000eab00000)
  object space 68608K, 24% used [0x00000000c0000000,0x00000000c10738d8,0x00000000c4300000)
 Metaspace       used 48603K, committed 49472K, reserved 1114112K
  class space    used 5204K, committed 5632K, reserved 1048576K
}
Event: 11.372 GC heap before
{Heap before GC invocations=18 (full 2):
 PSYoungGen      total 23552K, used 23301K [0x00000000eab00000, 0x00000000ec600000, 0x0000000100000000)
  eden space 22016K, 100% used [0x00000000eab00000,0x00000000ec080000,0x00000000ec080000)
  from space 1536K, 83% used [0x00000000ec380000,0x00000000ec4c15a0,0x00000000ec500000)
  to   space 1024K, 0% used [0x00000000ec500000,0x00000000ec500000,0x00000000ec600000)
 ParOldGen       total 68608K, used 16846K [0x00000000c0000000, 0x00000000c4300000, 0x00000000eab00000)
  object space 68608K, 24% used [0x00000000c0000000,0x00000000c10738d8,0x00000000c4300000)
 Metaspace       used 50507K, committed 51520K, reserved 1114112K
  class space    used 5446K, committed 5952K, reserved 1048576K
}
Event: 11.377 GC heap after
{Heap after GC invocations=18 (full 2):
 PSYoungGen      total 21504K, used 1016K [0x00000000eab00000, 0x00000000ecc80000, 0x0000000100000000)
  eden space 20480K, 0% used [0x00000000eab00000,0x00000000eab00000,0x00000000ebf00000)
  from space 1024K, 99% used [0x00000000ec500000,0x00000000ec5fe068,0x00000000ec600000)
  to   space 6144K, 0% used [0x00000000ebf00000,0x00000000ebf00000,0x00000000ec500000)
 ParOldGen       total 68608K, used 21042K [0x00000000c0000000, 0x00000000c4300000, 0x00000000eab00000)
  object space 68608K, 30% used [0x00000000c0000000,0x00000000c148cab0,0x00000000c4300000)
 Metaspace       used 50507K, committed 51520K, reserved 1114112K
  class space    used 5446K, committed 5952K, reserved 1048576K
}
Event: 11.543 GC heap before
{Heap before GC invocations=19 (full 2):
 PSYoungGen      total 21504K, used 21496K [0x00000000eab00000, 0x00000000ecc80000, 0x0000000100000000)
  eden space 20480K, 100% used [0x00000000eab00000,0x00000000ebf00000,0x00000000ebf00000)
  from space 1024K, 99% used [0x00000000ec500000,0x00000000ec5fe068,0x00000000ec600000)
  to   space 6144K, 0% used [0x00000000ebf00000,0x00000000ebf00000,0x00000000ec500000)
 ParOldGen       total 68608K, used 21042K [0x00000000c0000000, 0x00000000c4300000, 0x00000000eab00000)
  object space 68608K, 30% used [0x00000000c0000000,0x00000000c148cab0,0x00000000c4300000)
 Metaspace       used 50830K, committed 51840K, reserved 1114112K
  class space    used 5476K, committed 5952K, reserved 1048576K
}
Event: 11.549 GC heap after
{Heap after GC invocations=19 (full 2):
 PSYoungGen      total 24064K, used 3520K [0x00000000eab00000, 0x00000000ec800000, 0x0000000100000000)
  eden space 20480K, 0% used [0x00000000eab00000,0x00000000eab00000,0x00000000ebf00000)
  from space 3584K, 98% used [0x00000000ebf00000,0x00000000ec270000,0x00000000ec280000)
  to   space 4608K, 0% used [0x00000000ec380000,0x00000000ec380000,0x00000000ec800000)
 ParOldGen       total 68608K, used 21792K [0x00000000c0000000, 0x00000000c4300000, 0x00000000eab00000)
  object space 68608K, 31% used [0x00000000c0000000,0x00000000c1548240,0x00000000c4300000)
 Metaspace       used 50830K, committed 51840K, reserved 1114112K
  class space    used 5476K, committed 5952K, reserved 1048576K
}
Event: 11.901 GC heap before
{Heap before GC invocations=20 (full 2):
 PSYoungGen      total 24064K, used 24000K [0x00000000eab00000, 0x00000000ec800000, 0x0000000100000000)
  eden space 20480K, 100% used [0x00000000eab00000,0x00000000ebf00000,0x00000000ebf00000)
  from space 3584K, 98% used [0x00000000ebf00000,0x00000000ec270000,0x00000000ec280000)
  to   space 4608K, 0% used [0x00000000ec380000,0x00000000ec380000,0x00000000ec800000)
 ParOldGen       total 68608K, used 21792K [0x00000000c0000000, 0x00000000c4300000, 0x00000000eab00000)
  object space 68608K, 31% used [0x00000000c0000000,0x00000000c1548240,0x00000000c4300000)
 Metaspace       used 53281K, committed 54336K, reserved 1114112K
  class space    used 5723K, committed 6208K, reserved 1048576K
}
Event: 11.905 GC heap after
{Heap after GC invocations=20 (full 2):
 PSYoungGen      total 21504K, used 935K [0x00000000eab00000, 0x00000000ec480000, 0x0000000100000000)
  eden space 20480K, 0% used [0x00000000eab00000,0x00000000eab00000,0x00000000ebf00000)
  from space 1024K, 91% used [0x00000000ec380000,0x00000000ec469d38,0x00000000ec480000)
  to   space 2048K, 0% used [0x00000000ec080000,0x00000000ec080000,0x00000000ec280000)
 ParOldGen       total 68608K, used 25275K [0x00000000c0000000, 0x00000000c4300000, 0x00000000eab00000)
  object space 68608K, 36% used [0x00000000c0000000,0x00000000c18aef30,0x00000000c4300000)
 Metaspace       used 53281K, committed 54336K, reserved 1114112K
  class space    used 5723K, committed 6208K, reserved 1048576K
}
Event: 12.172 GC heap before
{Heap before GC invocations=21 (full 2):
 PSYoungGen      total 21504K, used 21415K [0x00000000eab00000, 0x00000000ec480000, 0x0000000100000000)
  eden space 20480K, 100% used [0x00000000eab00000,0x00000000ebf00000,0x00000000ebf00000)
  from space 1024K, 91% used [0x00000000ec380000,0x00000000ec469d38,0x00000000ec480000)
  to   space 2048K, 0% used [0x00000000ec080000,0x00000000ec080000,0x00000000ec280000)
 ParOldGen       total 68608K, used 25275K [0x00000000c0000000, 0x00000000c4300000, 0x00000000eab00000)
  object space 68608K, 36% used [0x00000000c0000000,0x00000000c18aef30,0x00000000c4300000)
 Metaspace       used 54063K, committed 55040K, reserved 1114112K
  class space    used 5829K, committed 6272K, reserved 1048576K
}
Event: 12.173 GC heap after
{Heap after GC invocations=21 (full 2):
 PSYoungGen      total 22528K, used 352K [0x00000000eab00000, 0x00000000ec400000, 0x0000000100000000)
  eden space 20480K, 0% used [0x00000000eab00000,0x00000000eab00000,0x00000000ebf00000)
  from space 2048K, 17% used [0x00000000ec080000,0x00000000ec0d8010,0x00000000ec280000)
  to   space 1024K, 0% used [0x00000000ec300000,0x00000000ec300000,0x00000000ec400000)
 ParOldGen       total 68608K, used 26082K [0x00000000c0000000, 0x00000000c4300000, 0x00000000eab00000)
  object space 68608K, 38% used [0x00000000c0000000,0x00000000c1978918,0x00000000c4300000)
 Metaspace       used 54063K, committed 55040K, reserved 1114112K
  class space    used 5829K, committed 6272K, reserved 1048576K
}
Event: 12.342 GC heap before
{Heap before GC invocations=22 (full 2):
 PSYoungGen      total 22528K, used 20832K [0x00000000eab00000, 0x00000000ec400000, 0x0000000100000000)
  eden space 20480K, 100% used [0x00000000eab00000,0x00000000ebf00000,0x00000000ebf00000)
  from space 2048K, 17% used [0x00000000ec080000,0x00000000ec0d8010,0x00000000ec280000)
  to   space 1024K, 0% used [0x00000000ec300000,0x00000000ec300000,0x00000000ec400000)
 ParOldGen       total 68608K, used 26082K [0x00000000c0000000, 0x00000000c4300000, 0x00000000eab00000)
  object space 68608K, 38% used [0x00000000c0000000,0x00000000c1978918,0x00000000c4300000)
 Metaspace       used 54831K, committed 55872K, reserved 1114112K
  class space    used 5887K, committed 6336K, reserved 1048576K
}
Event: 12.345 GC heap after
{Heap after GC invocations=22 (full 2):
 PSYoungGen      total 21504K, used 1011K [0x00000000eab00000, 0x00000000ec400000, 0x0000000100000000)
  eden space 20480K, 0% used [0x00000000eab00000,0x00000000eab00000,0x00000000ebf00000)
  from space 1024K, 98% used [0x00000000ec300000,0x00000000ec3fccd0,0x00000000ec400000)
  to   space 2048K, 0% used [0x00000000ec000000,0x00000000ec000000,0x00000000ec200000)
 ParOldGen       total 68608K, used 26691K [0x00000000c0000000, 0x00000000c4300000, 0x00000000eab00000)
  object space 68608K, 38% used [0x00000000c0000000,0x00000000c1a10ea8,0x00000000c4300000)
 Metaspace       used 54831K, committed 55872K, reserved 1114112K
  class space    used 5887K, committed 6336K, reserved 1048576K
}
Event: 12.435 GC heap before
{Heap before GC invocations=23 (full 2):
 PSYoungGen      total 21504K, used 21491K [0x00000000eab00000, 0x00000000ec400000, 0x0000000100000000)
  eden space 20480K, 100% used [0x00000000eab00000,0x00000000ebf00000,0x00000000ebf00000)
  from space 1024K, 98% used [0x00000000ec300000,0x00000000ec3fccd0,0x00000000ec400000)
  to   space 2048K, 0% used [0x00000000ec000000,0x00000000ec000000,0x00000000ec200000)
 ParOldGen       total 68608K, used 26691K [0x00000000c0000000, 0x00000000c4300000, 0x00000000eab00000)
  object space 68608K, 38% used [0x00000000c0000000,0x00000000c1a10ea8,0x00000000c4300000)
 Metaspace       used 55099K, committed 56192K, reserved 1114112K
  class space    used 5903K, committed 6400K, reserved 1048576K
}
Event: 12.437 GC heap after
{Heap after GC invocations=23 (full 2):
 PSYoungGen      total 22528K, used 128K [0x00000000eab00000, 0x00000000ec380000, 0x0000000100000000)
  eden space 20480K, 0% used [0x00000000eab00000,0x00000000eab00000,0x00000000ebf00000)
  from space 2048K, 6% used [0x00000000ec000000,0x00000000ec020000,0x00000000ec200000)
  to   space 1024K, 0% used [0x00000000ec280000,0x00000000ec280000,0x00000000ec380000)
 ParOldGen       total 68608K, used 26931K [0x00000000c0000000, 0x00000000c4300000, 0x00000000eab00000)
  object space 68608K, 39% used [0x00000000c0000000,0x00000000c1a4cea8,0x00000000c4300000)
 Metaspace       used 55099K, committed 56192K, reserved 1114112K
  class space    used 5903K, committed 6400K, reserved 1048576K
}
Event: 13.193 GC heap before
{Heap before GC invocations=24 (full 2):
 PSYoungGen      total 22528K, used 20608K [0x00000000eab00000, 0x00000000ec380000, 0x0000000100000000)
  eden space 20480K, 100% used [0x00000000eab00000,0x00000000ebf00000,0x00000000ebf00000)
  from space 2048K, 6% used [0x00000000ec000000,0x00000000ec020000,0x00000000ec200000)
  to   space 1024K, 0% used [0x00000000ec280000,0x00000000ec280000,0x00000000ec380000)
 ParOldGen       total 68608K, used 26931K [0x00000000c0000000, 0x00000000c4300000, 0x00000000eab00000)
  object space 68608K, 39% used [0x00000000c0000000,0x00000000c1a4cea8,0x00000000c4300000)
 Metaspace       used 58057K, committed 59072K, reserved 1114112K
  class space    used 6214K, committed 6656K, reserved 1048576K
}
Event: 13.195 GC heap after
{Heap after GC invocations=24 (full 2):
 PSYoungGen      total 21504K, used 1015K [0x00000000eab00000, 0x00000000ec380000, 0x0000000100000000)
  eden space 20480K, 0% used [0x00000000eab00000,0x00000000eab00000,0x00000000ebf00000)
  from space 1024K, 99% used [0x00000000ec280000,0x00000000ec37dfd8,0x00000000ec380000)
  to   space 1536K, 0% used [0x00000000ec080000,0x00000000ec080000,0x00000000ec200000)
 ParOldGen       total 68608K, used 27133K [0x00000000c0000000, 0x00000000c4300000, 0x00000000eab00000)
  object space 68608K, 39% used [0x00000000c0000000,0x00000000c1a7f5a8,0x00000000c4300000)
 Metaspace       used 58057K, committed 59072K, reserved 1114112K
  class space    used 6214K, committed 6656K, reserved 1048576K
}
Event: 13.462 GC heap before
{Heap before GC invocations=25 (full 2):
 PSYoungGen      total 21504K, used 7038K [0x00000000eab00000, 0x00000000ec380000, 0x0000000100000000)
  eden space 20480K, 29% used [0x00000000eab00000,0x00000000eb0e1bd8,0x00000000ebf00000)
  from space 1024K, 99% used [0x00000000ec280000,0x00000000ec37dfd8,0x00000000ec380000)
  to   space 1536K, 0% used [0x00000000ec080000,0x00000000ec080000,0x00000000ec200000)
 ParOldGen       total 68608K, used 27133K [0x00000000c0000000, 0x00000000c4300000, 0x00000000eab00000)
  object space 68608K, 39% used [0x00000000c0000000,0x00000000c1a7f5a8,0x00000000c4300000)
 Metaspace       used 58836K, committed 59776K, reserved 1114112K
  class space    used 6279K, committed 6720K, reserved 1048576K
}
Event: 13.464 GC heap after
{Heap after GC invocations=25 (full 2):
 PSYoungGen      total 22016K, used 480K [0x00000000eab00000, 0x00000000ec300000, 0x0000000100000000)
  eden space 20480K, 0% used [0x00000000eab00000,0x00000000eab00000,0x00000000ebf00000)
  from space 1536K, 31% used [0x00000000ec080000,0x00000000ec0f8000,0x00000000ec200000)
  to   space 1024K, 0% used [0x00000000ec200000,0x00000000ec200000,0x00000000ec300000)
 ParOldGen       total 68608K, used 28123K [0x00000000c0000000, 0x00000000c4300000, 0x00000000eab00000)
  object space 68608K, 40% used [0x00000000c0000000,0x00000000c1b76ed0,0x00000000c4300000)
 Metaspace       used 58836K, committed 59776K, reserved 1114112K
  class space    used 6279K, committed 6720K, reserved 1048576K
}
Event: 13.464 GC heap before
{Heap before GC invocations=26 (full 3):
 PSYoungGen      total 22016K, used 480K [0x00000000eab00000, 0x00000000ec300000, 0x0000000100000000)
  eden space 20480K, 0% used [0x00000000eab00000,0x00000000eab00000,0x00000000ebf00000)
  from space 1536K, 31% used [0x00000000ec080000,0x00000000ec0f8000,0x00000000ec200000)
  to   space 1024K, 0% used [0x00000000ec200000,0x00000000ec200000,0x00000000ec300000)
 ParOldGen       total 68608K, used 28123K [0x00000000c0000000, 0x00000000c4300000, 0x00000000eab00000)
  object space 68608K, 40% used [0x00000000c0000000,0x00000000c1b76ed0,0x00000000c4300000)
 Metaspace       used 58836K, committed 59776K, reserved 1114112K
  class space    used 6279K, committed 6720K, reserved 1048576K
}
Event: 13.560 GC heap after
{Heap after GC invocations=26 (full 3):
 PSYoungGen      total 22016K, used 0K [0x00000000eab00000, 0x00000000ec300000, 0x0000000100000000)
  eden space 20480K, 0% used [0x00000000eab00000,0x00000000eab00000,0x00000000ebf00000)
  from space 1536K, 0% used [0x00000000ec080000,0x00000000ec080000,0x00000000ec200000)
  to   space 1024K, 0% used [0x00000000ec200000,0x00000000ec200000,0x00000000ec300000)
 ParOldGen       total 68608K, used 24825K [0x00000000c0000000, 0x00000000c4300000, 0x00000000eab00000)
  object space 68608K, 36% used [0x00000000c0000000,0x00000000c183e558,0x00000000c4300000)
 Metaspace       used 58836K, committed 59776K, reserved 1114112K
  class space    used 6279K, committed 6720K, reserved 1048576K
}

